Aphrodite Cyprus Cup (W) 7031914 72 International
Super League 10889380 8 International
F1 Australian Grand Prix 10799264 4 AUS
JLT Community Series 2017 10730662 4 AUS
Austrian Bundesliga 7 9 International
Biathlon 2016/2017 9249930 6 GBR
Brazilian Baiano 835595 24 BRA
Erste Liga 9 120 AUT
Paulista A3 8825999 72 BRA
Dutch Jupiler League 11 240 NLD
Cross Country 2016/17 8381556 4 International
China Open 2017 10909866 1 International
Bulgarian Premier 15 265 BGR
Greece V A1 9231491 6 GRC
Croatian Division 1 17 48 HRV
Synot Liga 21 74 CZE
Danish Superliga 23 113 DNK
Danish Division 1 25 144 DNK
Australian Open 2018 10697913 2 AUS
Argentinian Primera C Metropolitana 7511144 72 ARG
Moto GP Outrights 2017 10522812 3 GBR
The Six Nations Outrights 10631299 5 GBR
League One 35 466 GBR
Israeli BSL 10553477 9 International
League Two 37 343 GBR
Russian Youth League 868392 24 RUS
Peruvian Primera Division 8594603 96 PER
National League North 41 8 GBR
National League South 43 8 GBR
Armenian Premier League 2888729 24 ARM
French Ligue 1 55 235 FRA
French Ligue 2 57 34 FRA
Germany V 1. Bundesliga 9231541 1 DEU
Bundesliga 1 59 215 DEU
Vietnam V League 2 9091254 24 VNM
Bundesliga 2 61 133 DEU
Regionalliga Nord 63 24 DEU
Regionalliga Sudwest 65 24 DEU
Greek Super League 67 167 GRC
Coupe de France 43079 1 FRA
Colombian Primera B 856134 72 COL
Airtricity Premier Division 77 145 IRL
Serie A 81 502 ITA
Serie B 83 155 ITA
Greek Football League 833616 144 GRC
Italy V SuperLega 10166523 2 ITA
US PGA 2017 9884918 1 USA
Ekstraklasa 97 73 POL
Primeira Liga 99 169 PRT
Premier Division 101 133 RUS
Serbian Super Liga 103 192 SRB
Scottish Premiership 105 42 GBR
Scottish Championship 107 1 GBR
Italian Serie A 10514636 18 International
Scottish League One 109 25 GBR
Greek U20 Super League 824417 48 GRC
Austrian Regionalliga 7317506 24 AUT
Scottish League Two 111 25 GBR
Slovakian Super Liga 113 48 SVK
Slovenian Prva Liga 115 48 SVN
Premier League 2 9969899 240 GBR
Primera Division 117 423 ESP
Segunda Division 119 187 ESP
Segunda B/1 121 48 ESP
Finnish Cup 20601 20 FIN
Segunda B/2 123 72 ESP
Segunda B/3 125 56 ESP
Segunda B/4 127 80 ESP
Allsvenskan 129 16 SWE
Denmark HB Handboldligaen 8750084 1 DNK
Brazilian Cup 89219 136 BRA
Swiss Super League 133 73 CHE
All Ireland Senior Football Championship 2017 10282009 1 GBR
Swiss Challenge League 135 72 CHE
Sweden HB Elitserien 9231365 14 SWE
Scottish Cup 409743 1 GBR
Alpine Skiing World Cup  2016/17 9191429 2 GBR
Vischya Liga 139 49 UKR
MLS 141 116 USA
K League 867459 48 KOR
Specials 2017 10538030 6 International
Czech U21 League 4848838 168 CZE
Kenyan Premier League 7616742 48 KEN
Race To Dubai 2017 10469389 1 GBR
Brasiliense 4540630 24 BRA
Turkish TBSL 10513460 6 International
Azerbaijan Premier 895129 48 AZE
SPFL Development League 5808320 24 GBR
J2 League 1062024 194 JPN
Czech Presidential Election 2018 10418180 1 CZE
SPFL Development League 2 6011072 48 GBR
UK Interest Rates 2769078 1 GBR
Primera Division (W) 6362364 120 ESP
Challenger Drummondville 2017 10935296 688 CAN
Ireland GAA NHL Division 1A Matches 10728456 5 International
Lega Pro 5984496 256 ITA
Panama Liga Nacional de Ascenso 4540663 24 PAN
The Jump 2017 10561558 1 GBR
Danish Reserve League 858294 24 DNK
Israeli Liga Leumit 804044 72 ISR
NBA Outrights 9310282 41 International
German BBL 9989214 15 International
Brazilian Alagoano 8718402 24 BRA
Liga Bet - North B 8596554 24 ISR
Basketball League of Serbia 2016 2017 10169429 1 SRB
Indian Wells Masters 2017 10886248 2064 USA
FIFA World Cup 2018 5614746 10 International
Cameroon Ligue 1 8825958 72 CMR
Allianz NFL - Div 1 10622019 1 International
UEFA Champions League 228 192 International
HB Champions League Women 9312363 6 International
Allianz NFL - Div 2 10622021 1 International
Indian I League 376041 32 IND
Wimbledon 2017 9735288 2 GBR
ASEAN Basketball League 10630221 6 International
Oberliga Westfalen 10222691 24 DEU
Poland V Liga Siatkowki Women 9231477 3 POL
WAFL 2017 10935386 4 AUS
Korean KBL 8245376 3 International
Slovakian 1 Liga 2938065 24 SVK
Best in show at Crufts 2017 10909785 1 GBR
Connacht Senior Football Championship 10812839 1 International
India - Presidential Election 2017 10615205 1 IND
Ryder Cup 2018 10187164 1 FRA
Czech Extraliga Playoffs 10779062 6 International
New Customer Only. First Bet Exclusive 6 6964600 1 GBR
Next Dr Who 10661302 1 GBR
New Customer Only. First Bet Exclusive 7 6964607 1 GBR
Beloften Pro League 3037492 168 BEL
Portuguese Campeonato Nacional Feminino (W) 8482202 24 PRT
Rugby World Cup 2019 8415646 1 JPN
Friendly 8616348 48 International
LV Anglo Welsh Cup 10630530 6 International
Polish PLK 10537346 13 International
Nicaraguan Premier Division 6480193 24 NIC
Russian Division 2 891179 48 RUS
Spain V Superliga 9231787 1 ESP
Segunda Liga 9513 24 PRT
3. Liga Group 1 9931192 24 POL
AFC Champions League 39218 98 International
Maltese Premier League 1327393 48 MLT
French Open 2017 9556388 2 GBR
Chinese Super League 879931 48 CHN
Indonesian IBL 2017 10602904 12 IDN
A League 2016/17 10150305 3 AUS
Ulster Senior Football Championship 10812908 1 International
Icelandic League Cup 849220 52 ISL
Tour of Flanders One Day Classic 2017 10719720 1 GBR
Premier League Cup 10403285 24 GBR
Russian KHL Playoffs 10817012 10 International
Indonesian President's Cup 845150 24 IDN
India - State Legislative Assembly Elections 2017 10615287 6 GBR
Copa Libertadores 62815 396 International
Spanish ACB 9317871 7 International
Czech NBL 9317867 3 International
Munster Senior Football Championship 10812873 1 International
Momentum One Day Cup 10790356 8 International
Sheffield Shield 2016/17 10315246 1 AUS
Mexican Primera Division 5627174 8 MEX
Romanian Liga II 862579 24 ROU
Specials 2608550 5 GBR
Ireland GAA NFL Division 4 Matches 10729761 4 International
Shenzhen Challenger 2017 10934560 819 CHN
Virsliga 887178 24 LVA
Ireland GAA NFL Division 3 Matches 10729770 2 International
Ghana Premier League 7654910 24 GHA
Ireland - Next Party Leaders 10538289 1 IRL
New Customer Only. First Bet Exclusive 9 7008764 1 GBR
Kazakhstani Premier League 3127737 48 KAZ
Ireland GAA NFL Division 2 Matches 10729780 4 International
Ireland GAA NFL Division 1 Matches 10728763 4 International
Chilean Segunda Division 3085749 24 CHL
Hero Indian Open 2017 10885432 14 GBR
Czech 2 Liga 862638 48 CZE
Paris - Roubaix 10719492 1 International
Colombian Primera A 844197 140 COL
Tennis Specials 2017 10465589 8 GBR
Test Matches 10889480 15 International
Ireland GAA NHL Division 1B Matches 10729741 4 International
Germany HB Bundesliga 9231651 3 DEU
US Open 2017 9724204 1 USA
Croatian Division 2 3992967 48 HRV
English Premier League 10932509 268 GBR
US Masters 2017 9112880 1 USA
Valspar Championship 2017 10885402 33 GBR
Vijay Hazare Trophy 2017 10889574 22 GBR
3 Liga 158146 144 DEU
PGA Tour Money List 2016/2017 10320212 1 GBR
Austrian Bundesliga. 10479956 25 AUT
UFC Matches 10581356 45 International
Netherlands Reserve League 8068520 96 NLD
2. Bundesliga Nord (women) 10793330 24 DEU
European Challenge Cup 10521976 1 International
Singapore Prime League 868823 48 SGP
Women's Internationals 10379587 2 International
USA Interest Rates 8962390 1 USA
Davis Cup 2017 10555774 1 GBR
French Top 14 31201 7 International
ITF Sao Paulo 10886468 1 International
Royal London One Day Cup 2017 10795329 1 GBR
German Junioren Bundesliga 852459 192 DEU
New Customer Only. First Bet Exclusive 8 6964614 1 GBR
Rugby Specials 2788804 1 GBR
CAF Champions League 987643 72 International
Carioca U20 8828275 24 BRA
AFL Womens 2017 10660181 5 AUS
Copa do Nordeste 2517464 48 BRA
World Championship 2017 9233037 1 GBR
Copa Del Rey 12801 1 ESP
Czech 3 Liga 892425 24 CZE
Saarland State Election 2017 10813088 1 GBR
Aviva Premiership 16901 2 International
Brazilian Mineiro 454158 96 BRA
Eurovision 2017 10347156 6 International
The Six Nations 10542763 2 International
CFU Club Championship 4684362 52 GBR
USA - Trump Specials 10614449 2 USA
County Championship 2017 10617526 2 GBR
IPL Matches 10058381 7 International
Dutch Eredivisie 9404054 155 NLD
Norwegian Get Ligaen 10553019 6 International
Dutch General Election 2017 10431109 2 NLD
Brazilian Paulista A2 2519611 120 BRA
Ireland - Next General Election 10614463 1 GBR
Liga de Ascenso 7897688 24 VEN
France - EU Referendum 10431165 1 FRA
Hong Kong 1st Division 6294086 96 HKG
Moroccan Division 1 2609677 48 MAR
Venezuelan Primera Division 1065530 120 VEN
Bulgarian B PFG 5618298 48 BGR
NBA Matches 10547864 81 International
Brazilian Paraense 4517498 24 BRA
Turkish Division 1 175680 120 TUR
Presidents Cup 2017 10813158 1 USA
2024 Olympic Host City 8958667 1 International
Armenian First League 3061353 48 ARM
Portuguese U19 Championship 863810 24 PRT
Oberliga Niedersachsen 9318110 24 DEU
NFL Season 2017/18 10693361 1 GBR
British BBL Championship 10543861 9 International
Macedonian Football League 1517121 24 MKD
UK - By-Elections 10586875 2 GBR
International Twenty20 Matches 9992899 11 International
US  Open 2017 10094279 2 GBR
Boxing Bouts 10536702 23 International
Brazilian Carioca 61025 72 BRA
Campeonato de Portugal 8423138 408 PRT
Poland V Liga Siatkowki 9231083 1 POL
New Customer Only. First Bet Exclusive 10 7008771 1 GBR
Friendlies (W) 4684340 24 GBR
Oberliga Niederrhein 10226409 48 DEU
European Champions Cup 10515159 5 International
Lithuanian A Lyga 879221 48 LTU
Brazilian Paulista A1 2490975 56 BRA
Tour de France 2017 9864939 1 FRA
Italy V Serie A1 9231091 1 ITA
Euroleague Men 10534437 1 International
Welsh Premier League 252549 8 GBR
UK - Cabinet Specials 10538539 2 GBR
Bundesliga (W) 6294253 24 DEU
Danish Metal Ligaen Playoffs 10865192 9 International
State of Origin 2017 10188309 1 AUS
Costa Rican Primera Division 2079376 48 CRI
Allianz NFL - Div 4 10694203 1 International
Guatemalan Liga Nacional 6566654 48 GTM
MLB 2017 10459710 3 USA
ICC Cricket World Cup 2019 7126733 1 GBR
J3 League 4802285 85 JPN
Turkish Super League 194215 151 TUR
Rugby  League World Cup 2017 10239540 1 AUS
Chilean Primera 744098 72 CHL
UK - Article 50 10538505 1 GBR
Tirreno - Adriatico 10888714 2 International
Japan Football League 3785366 51 JPN
Allianz NFL - Div 3 10694163 1 International
Uruguayan Primera 843454 120 URY
South Korea V V League Women 10282543 1 KOR
Swedish Cup 18099 66 SWE
Jordan 1st Division 2371216 48 JOR
South Korea V V League 10282537 1 KOR
Korean WKBL 10529302 1 International
Leinster Senior Football Championship 10812959 1 International
Hong Kong T20 Blitz 10852960 6 International
NHL Matches 10632804 27 International
ICC Champions Trophy 2017 9616981 1 GBR
The Voice UK 2017 10568296 2 GBR
Giro D'Italia 10568298 1 International
DFB Pokal 10662505 56 DEU
Swedish Allsvenskan 10546796 9 International
Vietnam V League 1 1987280 24 VNM
AFC Cup 309972 120 International
Super Rugby 2017 Outrights 10814068 6 AUS
El Salvadoran Primera Division 4802204 72 SLV
Lithuanian LKL 10532469 9 International
German DEL Playoffs 10861183 12 International
Greek A1 33498 3 International
NRL 2017 Outrights 10817144 7 AUS
Norwegian Get Ligaen Playoffs 10882681 9 International
Professional Development League 2129602 80 GBR
French League (W) 6023868 24 FRA
VTB United League 9310822 9 International
The Championship 7129730 185 GBR
Ski Jumping 2016/17 9074277 1 GBR
Gibraltar Rock Cup 8781431 24 GIB
Polish U19 Central Junior League 5449376 24 POL
Leinster Senior Cup 944888 24 IRL
Icelandic League Cup (W) 4646590 72 ISL
German Federal Election 2017 10431077 2 DEU
Campeonato de Reservas 4512440 24 ARG
Estonian Esiliiga 873203 48 EST
Finnish A-pojat SM U19 Qualification 4556613 64 FIN
F1 Outrights 2017 10473371 4 GBR
Matogrossense 8747906 48 BRA
World Rugby Sevens 10509225 1 International
Brazilian Cearense 829189 24 BRA
Belize Premier League 10532781 24 BLZ
Brazilian Goiano 483094 40 BRA
Santosh Trophy 312081 96 IND
AFL 2017 10164109 9 AUS
Ukrainian Persha Liga 872215 24 UKR
French Presidential Election 2017 10397622 5 FRA
Leinster Senior Hurling Chmapionship 10699659 1 International
Liga 1 4905 112 ROU
Brazilian Gaucho 439085 32 BRA
UK - Northern Ireland Next Assembly Elections 10601358 2 GBR
Brazilian Catarinense 439090 56 BRA
ITF Zhuhai 10093487 1 International
Players Tour Championship 10886032 23 International
New Customer Only. First Bet Exclusive 15 7942977 1 GBR
Argentinian Primera Division 67387 264 ARG
UK - Mayoral Elections 10538977 3 GBR
Guinness Pro 12 10545123 2 International
Brazilian Paranaense 439106 72 BRA
Russian Division 1 880458 240 RUS
New Customer Only. first Bet Exclusive 12 7942963 1 GBR
New Customer Only. first Bet Exclusive 13 7942967 1 GBR
European Union 10601454 1 GBR
2017 NFL Draft 10616817 2 GBR
Scottish Women's Premier League 7552802 72 GBR
New Customer Only. first Bet Exclusive 14 7942955 1 GBR
Coppa Italia 1874 1 ITA
Rugby League Challenge Cup 2017 10480587 1 GBR
Mexican Liga Premier 8770515 48 MEX
Chinese Basketball Association 10317771 6 CHN
Conor McGregor's Next Opponent 10546170 1 GBR
Hungarian NB III 10885117 48 HUN
CAF Confederations Cup 2001733 48 International
NRL 2017 10168263 31 AUS
English FA Cup 30558 179 GBR
Munster Senior Hurling Championship 10699712 1 International
Challenger Buenos Aires 10935234 688 ARG
Hungarian NB II 4556576 144 HUN
Ecuadorian Primera A 803690 24 ECU
Suncorp Super Netball 2017 10819522 4 AUS
HB Champions League 9231335 9 International
UK - Speaker of the House of Commons 10793930 1 GBR
All Ireland Senior Hurling Championship 2017 10699731 1 International
2020 US Presidential Election 10393583 4 USA
Milan - San Remo 2017 10579923 1 GBR
French ProA League 10528723 2 International
Belarusian Cup 860024 72 BLR
UK - Referendums 10538966 2 GBR
Belgian Jupiler League 89979 225 BEL
CAF African U20 Championship 9404402 48 GBR
NIFL Premiership 20351 24 GBR
Premier League Darts 10474270 11 International
Coupe Gambardella U19 8640258 72 FRA
Ecuadorian Primera B 3057583 48 ECU
Regionalliga Nordost 318343 40 DEU
Chilean Primera B 857992 24 CHL
UK - Next Election 10538796 4 GBR
Allianz NHL - Div 1 10699567 1 International
AFL 2017 Outrights 10817323 14 AUS
Brownlow Medal 2017 10372874 3 AUS
NCAAB Outrights 10355467 1 GBR
Indian CFA Senior Division League 8928016 48 IND
Israeli Premier 822165 56 ISR
Norwegian Parliamentary Elections 2017 10431237 1 NOR
Jamaican Premier League 3796898 48 JAM
Paraguayan Primera 839575 72 PRY
Tokyo 2020 9993990 1 GBR
UFC Specials 10541826 1 International
Uzbekistan Professional League 908196 24 UZB
Regionalliga Bayern 853948 24 DEU
Solheim Cup 2017 10272558 1 GBR
Ireland GAA Club Football Matches 10728215 2 International
BBC Sports Personality of the Year 2017 10544920 2 GBR
Open Championship 2017 9773869 1 GBR
Argentinian Primera B Metropolitana 3765124 72 ARG
PDC World Championship 10474272 1 International
Dutch Tweede Divisie 9926489 24 NLD
Paris-Nice 2017 10867575 2 GBR
Zhuhai Challenger 2017 10866550 43 CHN
Moto GP Qatar 10906482 1 GBR
UEFA Europa League 2005 33 International
Guatemalan Primera Division de Ascenso 6812603 24 GTM
MLB Divisions 10906438 6 International
UK - Party Leaders 10538818 10 GBR
Greek Football League U19 8426338 24 GRC
Liga ABA 10509135 6 International
Australian Interest Rates 9964393 1 AUS
National  League 10910548 3 GBR
Bolivian Liga Nacional A 3729355 96 BOL
Coupe de France (W) 1523693 24 FRA
Italy V Serie A1 Women 9231223 4 ITA

